<?xml version="1.0" encoding="UTF-8"?>
<!-- Generated by org.testng.reporters.JUnitXMLReporter -->
<testsuite ignored="0" hostname="Aziz" failures="0" tests="6" name="SingleTest" time="75.345" errors="0" timestamp="06 Feb 2023 02:41:54 GMT">
  <testcase classname="TestCases.TestForPracticeActions" name="Verify_dropDown_Functionality" time="6.358"/>
  <testcase classname="TestCases.TestForPracticeActions" name="Verify_dropDown_Functionality_by_SelectByIndex" time="6.358"/>
  <testcase classname="TestCases.TestForPracticeActions" name="Verify_dropDown_Functionality_by_SelectByVisibleText" time="6.314"/>
  <testcase classname="TestCases.TestForPracticeActions" name="verifyHoverFunctionality" time="10.766"/>
  <testcase classname="TestCases.TestForPracticeActions" name="verify_multiple_window_option" time="8.49"/>
  <testcase classname="TestCases.TestForPracticeActions" name="verifyUserCanRightClick" time="6.306"/>
</testsuite> <!-- SingleTest -->
