<?xml version="1.0" encoding="UTF-8"?>
<testng-results ignored="0" total="6" passed="6" failed="0" skipped="0">
  <reporter-output>
  </reporter-output>
  <suite started-at="2023-02-06T02:40:39Z" name="Single" finished-at="2023-02-06T02:41:54Z" duration-ms="75345">
    <groups>
    </groups>
    <test started-at="2023-02-06T02:40:39Z" name="SingleTest" finished-at="2023-02-06T02:41:54Z" duration-ms="75345">
      <class name="TestCases.TestForPracticeActions">
        <test-method is-config="true" signature="tearUp()[pri:0, instance:TestCases.TestForPracticeActions@475e586c]" started-at="2023-02-06T02:40:39Z" name="tearUp" finished-at="2023-02-06T02:40:44Z" duration-ms="5639" status="PASS">
          <reporter-output>
          </reporter-output>
        </test-method> <!-- tearUp -->
        <test-method is-config="true" signature="beforeMethod()[pri:0, instance:TestCases.TestForPracticeActions@475e586c]" started-at="2023-02-06T02:40:44Z" name="beforeMethod" finished-at="2023-02-06T02:40:49Z" duration-ms="4175" status="PASS">
          <reporter-output>
          </reporter-output>
        </test-method> <!-- beforeMethod -->
        <test-method signature="Verify_dropDown_Functionality()[pri:0, instance:TestCases.TestForPracticeActions@475e586c]" started-at="2023-02-06T02:40:49Z" name="Verify_dropDown_Functionality" finished-at="2023-02-06T02:40:55Z" duration-ms="6358" status="PASS">
          <reporter-output>
          </reporter-output>
        </test-method> <!-- Verify_dropDown_Functionality -->
        <test-method is-config="true" signature="beforeMethod()[pri:0, instance:TestCases.TestForPracticeActions@475e586c]" started-at="2023-02-06T02:40:55Z" name="beforeMethod" finished-at="2023-02-06T02:40:59Z" duration-ms="4147" status="PASS">
          <reporter-output>
          </reporter-output>
        </test-method> <!-- beforeMethod -->
        <test-method signature="Verify_dropDown_Functionality_by_SelectByIndex()[pri:0, instance:TestCases.TestForPracticeActions@475e586c]" started-at="2023-02-06T02:40:59Z" name="Verify_dropDown_Functionality_by_SelectByIndex" finished-at="2023-02-06T02:41:05Z" duration-ms="6358" status="PASS">
          <reporter-output>
          </reporter-output>
        </test-method> <!-- Verify_dropDown_Functionality_by_SelectByIndex -->
        <test-method is-config="true" signature="beforeMethod()[pri:0, instance:TestCases.TestForPracticeActions@475e586c]" started-at="2023-02-06T02:41:05Z" name="beforeMethod" finished-at="2023-02-06T02:41:10Z" duration-ms="4168" status="PASS">
          <reporter-output>
          </reporter-output>
        </test-method> <!-- beforeMethod -->
        <test-method signature="Verify_dropDown_Functionality_by_SelectByVisibleText()[pri:0, instance:TestCases.TestForPracticeActions@475e586c]" started-at="2023-02-06T02:41:10Z" name="Verify_dropDown_Functionality_by_SelectByVisibleText" finished-at="2023-02-06T02:41:16Z" duration-ms="6314" status="PASS">
          <reporter-output>
          </reporter-output>
        </test-method> <!-- Verify_dropDown_Functionality_by_SelectByVisibleText -->
        <test-method is-config="true" signature="beforeMethod()[pri:0, instance:TestCases.TestForPracticeActions@475e586c]" started-at="2023-02-06T02:41:16Z" name="beforeMethod" finished-at="2023-02-06T02:41:20Z" duration-ms="4157" status="PASS">
          <reporter-output>
          </reporter-output>
        </test-method> <!-- beforeMethod -->
        <test-method signature="verifyHoverFunctionality()[pri:0, instance:TestCases.TestForPracticeActions@475e586c]" started-at="2023-02-06T02:41:20Z" name="verifyHoverFunctionality" finished-at="2023-02-06T02:41:31Z" duration-ms="10766" status="PASS">
          <reporter-output>
          </reporter-output>
        </test-method> <!-- verifyHoverFunctionality -->
        <test-method is-config="true" signature="beforeMethod()[pri:0, instance:TestCases.TestForPracticeActions@475e586c]" started-at="2023-02-06T02:41:31Z" name="beforeMethod" finished-at="2023-02-06T02:41:35Z" duration-ms="4115" status="PASS">
          <reporter-output>
          </reporter-output>
        </test-method> <!-- beforeMethod -->
        <test-method signature="verify_multiple_window_option()[pri:0, instance:TestCases.TestForPracticeActions@475e586c]" started-at="2023-02-06T02:41:35Z" name="verify_multiple_window_option" finished-at="2023-02-06T02:41:43Z" duration-ms="8490" status="PASS">
          <reporter-output>
          </reporter-output>
        </test-method> <!-- verify_multiple_window_option -->
        <test-method is-config="true" signature="beforeMethod()[pri:0, instance:TestCases.TestForPracticeActions@475e586c]" started-at="2023-02-06T02:41:43Z" name="beforeMethod" finished-at="2023-02-06T02:41:48Z" duration-ms="4119" status="PASS">
          <reporter-output>
          </reporter-output>
        </test-method> <!-- beforeMethod -->
        <test-method signature="verifyUserCanRightClick()[pri:1, instance:TestCases.TestForPracticeActions@475e586c]" started-at="2023-02-06T02:41:48Z" name="verifyUserCanRightClick" finished-at="2023-02-06T02:41:54Z" duration-ms="6306" status="PASS">
          <reporter-output>
          </reporter-output>
        </test-method> <!-- verifyUserCanRightClick -->
        <test-method is-config="true" signature="tearDown()[pri:0, instance:TestCases.TestForPracticeActions@475e586c]" started-at="2023-02-06T02:41:54Z" name="tearDown" finished-at="2023-02-06T02:41:54Z" duration-ms="225" status="PASS">
          <reporter-output>
          </reporter-output>
        </test-method> <!-- tearDown -->
      </class> <!-- TestCases.TestForPracticeActions -->
    </test> <!-- SingleTest -->
  </suite> <!-- Single -->
</testng-results>
