<?xml version="1.0" encoding="UTF-8"?>
<testsuite xmlns:xsi="http://www.w3.org/2001/XMLSchema-instance" xsi:noNamespaceSchemaLocation="https://maven.apache.org/surefire/maven-surefire-plugin/xsd/surefire-test-report-3.0.xsd" version="3.0" name="TestSuite" time="75.671" tests="6" errors="0" skipped="0" failures="0">
  <properties>
[...]
</properties>
  <testcase name="Verify_dropDown_Functionality" classname="TestCases.TestForPracticeActions" time="6.356">
    <system-out><![CDATA[Launching Browser
]]></system-out>
    <system-err><![CDATA[Starting ChromeDriver 109.0.5414.74 (e7c5703604daa9cc128ccf5a5d3e993513758913-refs/branch-heads/5414@{#1172}) on port 33263
Only local connections are allowed.
Please see https://chromedriver.chromium.org/security-considerations for suggestions on keeping ChromeDriver safe.
ChromeDriver was started successfully.
Feb 05, 2023 9:40:40 PM org.openqa.selenium.remote.ProtocolHandshake createSession
INFO: Detected dialect: W3C
]]></system-err>
  </testcase>
  <testcase name="Verify_dropDown_Functionality_by_SelectByIndex" classname="TestCases.TestForPracticeActions" time="6.358"/>
  <testcase name="Verify_dropDown_Functionality_by_SelectByVisibleText" classname="TestCases.TestForPracticeActions" time="6.318"/>
  <testcase name="verifyHoverFunctionality" classname="TestCases.TestForPracticeActions" time="10.766"/>
  <testcase name="verify_multiple_window_option" classname="TestCases.TestForPracticeActions" time="8.489">
    <system-out><![CDATA[Window ID------CDwindow-C8CE8A0F59FA1D256985C0EA69ED9A09
Window ID------CDwindow-C09A1ADF3EB4514B6EAC6B1F5BF60BBD
]]></system-out>
  </testcase>
  <testcase name="verifyUserCanRightClick" classname="TestCases.TestForPracticeActions" time="6.299"/>
</testsuite>